2018-02-16 21:06:06,366 - root - INFO - Start scraping dividends for date=2018-02-16
2018-02-16 21:06:07,134 - root - INFO - End scraping dividends
2018-02-16 21:08:35,162 - scrape_sa - INFO - Start scraping dividends for date=2018-02-16
2018-02-16 21:08:35,893 - scrape_sa - INFO - End scraping dividends
2018-02-16 21:17:19,993 - scrape_sa - INFO - Start scraping dividends for date=2018-02-16
2018-02-16 21:17:19,994 - scrape_sa - INFO - Retrieving web page
2018-02-16 21:17:20,632 - scrape_sa - INFO - Page retrieved
2018-02-16 21:17:20,710 - scrape_sa - ERROR - Article could not be parsed: must be str, not DividendPayout!!
2018-02-16 21:17:20,711 - scrape_sa - ERROR - Article could not be parsed: must be str, not DividendPayout!!
2018-02-16 21:17:20,712 - scrape_sa - ERROR - Article could not be parsed: must be str, not DividendPayout!!
2018-02-16 21:17:20,712 - scrape_sa - ERROR - Article could not be parsed: must be str, not DividendPayout!!
2018-02-16 21:17:20,713 - scrape_sa - ERROR - Article could not be parsed: must be str, not DividendPayout!!
2018-02-16 21:17:20,713 - scrape_sa - ERROR - Article could not be parsed: must be str, not DividendPayout!!
2018-02-16 21:17:20,714 - scrape_sa - ERROR - Article could not be parsed: must be str, not DividendPayout!!
2018-02-16 21:17:20,714 - scrape_sa - ERROR - Article could not be parsed: list index out of range!!
2018-02-16 21:17:20,715 - scrape_sa - ERROR - Article could not be parsed: must be str, not DividendPayout!!
2018-02-16 21:17:20,715 - scrape_sa - ERROR - Article could not be parsed: must be str, not DividendPayout!!
2018-02-16 21:17:20,716 - scrape_sa - ERROR - Article could not be parsed: must be str, not DividendPayout!!
2018-02-16 21:17:20,716 - scrape_sa - ERROR - Article could not be parsed: must be str, not DividendPayout!!
2018-02-16 21:17:20,717 - scrape_sa - ERROR - Article could not be parsed: must be str, not DividendPayout!!
2018-02-16 21:17:20,717 - scrape_sa - ERROR - Article could not be parsed: must be str, not DividendPayout!!
2018-02-16 21:17:20,718 - scrape_sa - ERROR - Article could not be parsed: must be str, not DividendPayout!!
2018-02-16 21:17:20,721 - scrape_sa - ERROR - Article could not be parsed: must be str, not DividendPayout!!
2018-02-16 21:17:20,722 - scrape_sa - ERROR - Article could not be parsed: must be str, not DividendPayout!!
2018-02-16 21:17:20,722 - scrape_sa - ERROR - Article could not be parsed: must be str, not DividendPayout!!
2018-02-16 21:17:20,723 - scrape_sa - ERROR - Article could not be parsed: must be str, not DividendPayout!!
2018-02-16 21:17:20,723 - scrape_sa - ERROR - Article could not be parsed: must be str, not DividendPayout!!
2018-02-16 21:17:20,723 - scrape_sa - ERROR - Article could not be parsed: must be str, not DividendPayout!!
2018-02-16 21:17:20,724 - scrape_sa - ERROR - Article could not be parsed: Could not parse string: Nexa Resources (NYSE:NEXA) declares $0.60/share distribution (share premium distribution).!!
2018-02-16 21:17:20,724 - scrape_sa - ERROR - Article could not be parsed: must be str, not DividendPayout!!
2018-02-16 21:17:20,725 - scrape_sa - ERROR - Article could not be parsed: must be str, not DividendPayout!!
2018-02-16 21:17:20,725 - scrape_sa - ERROR - Article could not be parsed: must be str, not DividendPayout!!
2018-02-16 21:17:20,726 - scrape_sa - ERROR - Article could not be parsed: must be str, not DividendPayout!!
2018-02-16 21:17:20,726 - scrape_sa - ERROR - Article could not be parsed: must be str, not DividendPayout!!
2018-02-16 21:17:20,727 - scrape_sa - ERROR - Article could not be parsed: must be str, not DividendPayout!!
2018-02-16 21:17:20,727 - scrape_sa - ERROR - Article could not be parsed: must be str, not DividendPayout!!
2018-02-16 21:17:20,728 - scrape_sa - ERROR - Article could not be parsed: must be str, not DividendPayout!!
2018-02-16 21:17:20,728 - scrape_sa - ERROR - Article could not be parsed: must be str, not DividendPayout!!
2018-02-16 21:17:20,729 - scrape_sa - ERROR - Article could not be parsed: must be str, not DividendPayout!!
2018-02-16 21:17:20,729 - scrape_sa - ERROR - Article could not be parsed: must be str, not DividendPayout!!
2018-02-16 21:17:20,729 - scrape_sa - ERROR - Article could not be parsed: must be str, not DividendPayout!!
2018-02-16 21:17:20,730 - scrape_sa - ERROR - Article could not be parsed: must be str, not DividendPayout!!
2018-02-16 21:17:20,730 - scrape_sa - ERROR - Article could not be parsed: must be str, not DividendPayout!!
2018-02-16 21:17:20,731 - scrape_sa - ERROR - Article could not be parsed: must be str, not DividendPayout!!
2018-02-16 21:17:20,732 - scrape_sa - ERROR - Article could not be parsed: must be str, not DividendPayout!!
2018-02-16 21:17:20,733 - scrape_sa - ERROR - Article could not be parsed: must be str, not DividendPayout!!
2018-02-16 21:17:20,735 - scrape_sa - ERROR - Article could not be parsed: must be str, not DividendPayout!!
2018-02-16 21:17:20,735 - scrape_sa - INFO - End scraping dividends
2018-02-16 21:18:10,841 - scrape_sa - INFO - Start scraping dividends for date=2018-02-16
2018-02-16 21:18:10,842 - scrape_sa - INFO - Retrieving web page
2018-02-16 21:18:11,467 - scrape_sa - INFO - Page retrieved
2018-02-16 21:18:11,558 - scrape_sa - ERROR - Article could not be parsed: list index out of range!!
2018-02-16 21:18:11,562 - scrape_sa - ERROR - Article could not be parsed: Could not parse string: Nexa Resources (NYSE:NEXA) declares $0.60/share distribution (share premium distribution).!!
2018-02-16 21:18:11,566 - scrape_sa - INFO - End scraping dividends
2018-02-16 21:19:45,979 - scrape_sa - INFO - Start scraping dividends for date=2018-02-16
2018-02-16 21:19:45,980 - scrape_sa - INFO - Retrieving web page
2018-02-16 21:19:46,622 - scrape_sa - INFO - Page retrieved
2018-02-16 21:19:46,707 - scrape_sa - ERROR - Article could not be parsed: list index out of range!!
2018-02-16 21:19:46,710 - scrape_sa - ERROR - Article could not be parsed: Could not parse string: Nexa Resources (NYSE:NEXA) declares $0.60/share distribution (share premium distribution).!!
2018-02-16 21:19:46,714 - scrape_sa - INFO - End scraping dividends
2018-02-16 21:20:07,808 - scrape_sa - INFO - Start scraping dividends for date=2018-02-16
2018-02-16 21:20:07,808 - scrape_sa - INFO - Retrieving web page
2018-02-16 21:20:08,448 - scrape_sa - INFO - Page retrieved
2018-02-16 21:20:08,534 - scrape_sa - ERROR - Article could not be parsed: list index out of range!!
2018-02-16 21:20:08,543 - scrape_sa - ERROR - Article could not be parsed: Could not parse string: Nexa Resources (NYSE:NEXA) declares $0.60/share distribution (share premium distribution).!!
2018-02-16 21:20:08,562 - scrape_sa - INFO - End scraping dividends
2018-02-16 21:21:42,218 - scrape_sa - INFO - Start scraping dividends for date=2018-02-16
2018-02-16 21:21:42,219 - scrape_sa - INFO - Retrieving web page
2018-02-16 21:21:42,219 - scrape_sa - DEBUG - URL=https://seekingalpha.com/market-news/ajax_get_market_currents, headers={'Cache-Control': 'no-cache', 'User-Agent': 'Mozilla/5.0'}, querystring={'current_tag': 'dividends', 'date': '2018-02-16'}
2018-02-16 21:21:42,862 - scrape_sa - INFO - Page retrieved
2018-02-16 21:21:42,952 - scrape_sa - DEBUG - Extracted dividend payout: (NYSE:GRP.U) CAD 0.227 payable on March 15
2018-02-16 21:21:42,952 - scrape_sa - DEBUG - Inserting dividend payout in db
2018-02-16 21:21:42,952 - scrape_sa - DEBUG - Insertion successful
2018-02-16 21:21:42,952 - scrape_sa - DEBUG - Extracted dividend payout: (OTC:AHOTF) $0.054 payable on March 15
2018-02-16 21:21:42,953 - scrape_sa - DEBUG - Inserting dividend payout in db
2018-02-16 21:21:42,953 - scrape_sa - DEBUG - Insertion successful
2018-02-16 21:21:42,953 - scrape_sa - DEBUG - Extracted dividend payout: (NYSE:VAC) $0.40 payable on March 15
2018-02-16 21:21:42,953 - scrape_sa - DEBUG - Inserting dividend payout in db
2018-02-16 21:21:42,953 - scrape_sa - DEBUG - Insertion successful
2018-02-16 21:21:42,954 - scrape_sa - DEBUG - Extracted dividend payout: (NYSE:DAN) $0.10 payable on March 23
2018-02-16 21:21:42,954 - scrape_sa - DEBUG - Inserting dividend payout in db
2018-02-16 21:21:42,954 - scrape_sa - DEBUG - Insertion successful
2018-02-16 21:21:42,954 - scrape_sa - DEBUG - Extracted dividend payout: (NYSE:FMC) $0.165 payable on April 19
2018-02-16 21:21:42,954 - scrape_sa - DEBUG - Inserting dividend payout in db
2018-02-16 21:21:42,954 - scrape_sa - DEBUG - Insertion successful
2018-02-16 21:21:42,954 - scrape_sa - DEBUG - Extracted dividend payout: (NYSE:LDOS) $0.32 payable on March 30
2018-02-16 21:21:42,955 - scrape_sa - DEBUG - Inserting dividend payout in db
2018-02-16 21:21:42,955 - scrape_sa - DEBUG - Insertion successful
2018-02-16 21:21:42,955 - scrape_sa - DEBUG - Extracted dividend payout: (NYSE:O) $0.219 payable on March 15
2018-02-16 21:21:42,955 - scrape_sa - DEBUG - Inserting dividend payout in db
2018-02-16 21:21:42,955 - scrape_sa - DEBUG - Insertion successful
2018-02-16 21:21:42,956 - scrape_sa - ERROR - Article could not be parsed: list index out of range!!
2018-02-16 21:21:42,956 - scrape_sa - DEBUG - Extracted dividend payout: (NASDAQ:HEES) $0.275 payable on March 9
2018-02-16 21:21:42,956 - scrape_sa - DEBUG - Inserting dividend payout in db
2018-02-16 21:21:42,956 - scrape_sa - DEBUG - Insertion successful
2018-02-16 21:21:42,957 - scrape_sa - DEBUG - Extracted dividend payout: (NYSE:ITT) $0.134 payable on April 2
2018-02-16 21:21:42,957 - scrape_sa - DEBUG - Inserting dividend payout in db
2018-02-16 21:21:42,957 - scrape_sa - DEBUG - Insertion successful
2018-02-16 21:21:42,957 - scrape_sa - DEBUG - Extracted dividend payout: (NASDAQ:PCH) $0.40 payable on March 30
2018-02-16 21:21:42,957 - scrape_sa - DEBUG - Inserting dividend payout in db
2018-02-16 21:21:42,957 - scrape_sa - DEBUG - Insertion successful
2018-02-16 21:21:42,958 - scrape_sa - DEBUG - Extracted dividend payout: (NYSE:NEE) $1.11 payable on March 15
2018-02-16 21:21:42,958 - scrape_sa - DEBUG - Inserting dividend payout in db
2018-02-16 21:21:42,958 - scrape_sa - DEBUG - Insertion successful
2018-02-16 21:21:42,958 - scrape_sa - DEBUG - Extracted dividend payout: (NASDAQ:OPOF) $0.11 payable on March 30
2018-02-16 21:21:42,958 - scrape_sa - DEBUG - Inserting dividend payout in db
2018-02-16 21:21:42,958 - scrape_sa - DEBUG - Insertion successful
2018-02-16 21:21:42,959 - scrape_sa - DEBUG - Extracted dividend payout: (NYSE:HQL) $0.40 payable on March 29
2018-02-16 21:21:42,959 - scrape_sa - DEBUG - Inserting dividend payout in db
2018-02-16 21:21:42,959 - scrape_sa - DEBUG - Insertion successful
2018-02-16 21:21:42,959 - scrape_sa - DEBUG - Extracted dividend payout: (NYSE:HQH) $0.48 payable on March 29
2018-02-16 21:21:42,959 - scrape_sa - DEBUG - Inserting dividend payout in db
2018-02-16 21:21:42,959 - scrape_sa - DEBUG - Insertion successful
2018-02-16 21:21:42,959 - scrape_sa - DEBUG - Extracted dividend payout: (NYSE:CHE) $0.28 payable on March 19
2018-02-16 21:21:42,960 - scrape_sa - DEBUG - Inserting dividend payout in db
2018-02-16 21:21:42,960 - scrape_sa - DEBUG - Insertion successful
2018-02-16 21:21:42,960 - scrape_sa - DEBUG - Extracted dividend payout: (NYSE:GGG) $0.1325 payable on May 2
2018-02-16 21:21:42,960 - scrape_sa - DEBUG - Inserting dividend payout in db
2018-02-16 21:21:42,960 - scrape_sa - DEBUG - Insertion successful
2018-02-16 21:21:42,960 - scrape_sa - DEBUG - Extracted dividend payout: (NYSE:K) $0.54 payable on March 15
2018-02-16 21:21:42,960 - scrape_sa - DEBUG - Inserting dividend payout in db
2018-02-16 21:21:42,960 - scrape_sa - DEBUG - Insertion successful
2018-02-16 21:21:42,961 - scrape_sa - DEBUG - Extracted dividend payout: (NYSE:ABT) $0.28 payable on May 15
2018-02-16 21:21:42,961 - scrape_sa - DEBUG - Inserting dividend payout in db
2018-02-16 21:21:42,961 - scrape_sa - DEBUG - Insertion successful
2018-02-16 21:21:42,961 - scrape_sa - DEBUG - Extracted dividend payout: (NASDAQ:FBSS) $0.12 payable on April 2
2018-02-16 21:21:42,961 - scrape_sa - DEBUG - Inserting dividend payout in db
2018-02-16 21:21:42,961 - scrape_sa - DEBUG - Insertion successful
2018-02-16 21:21:42,962 - scrape_sa - DEBUG - Extracted dividend payout: (NYSE:CTB) $0.105 payable on March 29
2018-02-16 21:21:42,962 - scrape_sa - DEBUG - Inserting dividend payout in db
2018-02-16 21:21:42,962 - scrape_sa - DEBUG - Insertion successful
2018-02-16 21:21:42,962 - scrape_sa - ERROR - Article could not be parsed: Could not parse string: Nexa Resources (NYSE:NEXA) declares $0.60/share distribution (share premium distribution).!!
2018-02-16 21:21:42,963 - scrape_sa - DEBUG - Extracted dividend payout: (NASDAQ:ESND) $0.14 payable on April 13
2018-02-16 21:21:42,963 - scrape_sa - DEBUG - Inserting dividend payout in db
2018-02-16 21:21:42,963 - scrape_sa - DEBUG - Insertion successful
2018-02-16 21:21:42,964 - scrape_sa - DEBUG - Extracted dividend payout: (OTCQX:PMULF) $0.03125 payable on March 15
2018-02-16 21:21:42,964 - scrape_sa - DEBUG - Inserting dividend payout in db
2018-02-16 21:21:42,964 - scrape_sa - DEBUG - Insertion successful
2018-02-16 21:21:42,964 - scrape_sa - DEBUG - Extracted dividend payout: (NYSE:PBT) $0.065637 payable on March 14
2018-02-16 21:21:42,964 - scrape_sa - DEBUG - Inserting dividend payout in db
2018-02-16 21:21:42,964 - scrape_sa - DEBUG - Insertion successful
2018-02-16 21:21:42,965 - scrape_sa - DEBUG - Extracted dividend payout: (NYSE:SJT) $0.035965 payable on March 14
2018-02-16 21:21:42,965 - scrape_sa - DEBUG - Inserting dividend payout in db
2018-02-16 21:21:42,965 - scrape_sa - DEBUG - Insertion successful
2018-02-16 21:21:42,965 - scrape_sa - DEBUG - Extracted dividend payout: (NYSE:NDRO) $0.037125 payable on March 14
2018-02-16 21:21:42,965 - scrape_sa - DEBUG - Inserting dividend payout in db
2018-02-16 21:21:42,965 - scrape_sa - DEBUG - Insertion successful
2018-02-16 21:21:42,966 - scrape_sa - DEBUG - Extracted dividend payout: (NASDAQ:MARPS) $0.074791 payable on March 28
2018-02-16 21:21:42,966 - scrape_sa - DEBUG - Inserting dividend payout in db
2018-02-16 21:21:42,966 - scrape_sa - DEBUG - Insertion successful
2018-02-16 21:21:42,966 - scrape_sa - DEBUG - Extracted dividend payout: (NYSE:FDX) $0.50 payable on April 2
2018-02-16 21:21:42,966 - scrape_sa - DEBUG - Inserting dividend payout in db
2018-02-16 21:21:42,966 - scrape_sa - DEBUG - Insertion successful
2018-02-16 21:21:42,966 - scrape_sa - DEBUG - Extracted dividend payout: (NYSE:FLO) $0.17 payable on March 16
2018-02-16 21:21:42,966 - scrape_sa - DEBUG - Inserting dividend payout in db
2018-02-16 21:21:42,967 - scrape_sa - DEBUG - Insertion successful
2018-02-16 21:21:42,967 - scrape_sa - DEBUG - Extracted dividend payout: (NYSE:HGT) $0.009251 payable on March 14
2018-02-16 21:21:42,967 - scrape_sa - DEBUG - Inserting dividend payout in db
2018-02-16 21:21:42,967 - scrape_sa - DEBUG - Insertion successful
2018-02-16 21:21:42,967 - scrape_sa - DEBUG - Extracted dividend payout: (NYSE:XL) $0.22 payable on April 2
2018-02-16 21:21:42,967 - scrape_sa - DEBUG - Inserting dividend payout in db
2018-02-16 21:21:42,967 - scrape_sa - DEBUG - Insertion successful
2018-02-16 21:21:42,968 - scrape_sa - DEBUG - Extracted dividend payout: (NYSE:CRT) $0.141575 payable on March 14
2018-02-16 21:21:42,968 - scrape_sa - DEBUG - Inserting dividend payout in db
2018-02-16 21:21:42,968 - scrape_sa - DEBUG - Insertion successful
2018-02-16 21:21:42,968 - scrape_sa - DEBUG - Extracted dividend payout: (OTC:KEYUF) CAD 0.14 payable on March 15
2018-02-16 21:21:42,968 - scrape_sa - DEBUG - Inserting dividend payout in db
2018-02-16 21:21:42,968 - scrape_sa - DEBUG - Insertion successful
2018-02-16 21:21:42,969 - scrape_sa - DEBUG - Extracted dividend payout: (NYSEMKT:UFAB) $0.15 payable on March 7
2018-02-16 21:21:42,969 - scrape_sa - DEBUG - Inserting dividend payout in db
2018-02-16 21:21:42,969 - scrape_sa - DEBUG - Insertion successful
2018-02-16 21:21:42,969 - scrape_sa - DEBUG - Extracted dividend payout: (NASDAQ:MNRO) $0.18 payable on March 26
2018-02-16 21:21:42,969 - scrape_sa - DEBUG - Inserting dividend payout in db
2018-02-16 21:21:42,969 - scrape_sa - DEBUG - Insertion successful
2018-02-16 21:21:42,970 - scrape_sa - DEBUG - Extracted dividend payout: (NYSE:OZM) $0.07 payable on March 5
2018-02-16 21:21:42,970 - scrape_sa - DEBUG - Inserting dividend payout in db
2018-02-16 21:21:42,970 - scrape_sa - DEBUG - Insertion successful
2018-02-16 21:21:42,970 - scrape_sa - DEBUG - Extracted dividend payout: (NYSE:CCC) $0.05 payable on March 15
2018-02-16 21:21:42,970 - scrape_sa - DEBUG - Inserting dividend payout in db
2018-02-16 21:21:42,970 - scrape_sa - DEBUG - Insertion successful
2018-02-16 21:21:42,971 - scrape_sa - DEBUG - Extracted dividend payout: (NASDAQ:KHC) $0.625 payable on March 23
2018-02-16 21:21:42,971 - scrape_sa - DEBUG - Inserting dividend payout in db
2018-02-16 21:21:42,971 - scrape_sa - DEBUG - Insertion successful
2018-02-16 21:21:42,971 - scrape_sa - DEBUG - Extracted dividend payout: (NYSE:NHI) $1.00 payable on May 10
2018-02-16 21:21:42,971 - scrape_sa - DEBUG - Inserting dividend payout in db
2018-02-16 21:21:42,971 - scrape_sa - DEBUG - Insertion successful
2018-02-16 21:21:42,972 - scrape_sa - INFO - End scraping dividends
2018-02-16 21:25:15,446 - scrape_sa - INFO - Start scraping dividends for date=2018-02-16
2018-02-16 21:25:15,447 - scrape_sa - INFO - Retrieving web page
2018-02-16 21:25:15,448 - scrape_sa - DEBUG - URL=https://seekingalpha.com/market-news/ajax_get_market_currents, headers={'Cache-Control': 'no-cache', 'User-Agent': 'Mozilla/5.0'}, querystring={'current_tag': 'dividends', 'date': '2018-02-16'}
2018-02-16 21:25:16,092 - scrape_sa - INFO - Page retrieved
2018-02-16 21:25:36,157 - scrape_sa - INFO - Start scraping dividends for date=2018-02-16
2018-02-16 21:25:36,158 - scrape_sa - INFO - Retrieving web page
2018-02-16 21:25:36,158 - scrape_sa - DEBUG - URL=https://seekingalpha.com/market-news/ajax_get_market_currents, headers={'Cache-Control': 'no-cache', 'User-Agent': 'Mozilla/5.0'}, querystring={'current_tag': 'dividends', 'date': '2018-02-16'}
2018-02-16 21:25:36,805 - scrape_sa - INFO - Page retrieved
2018-02-16 21:25:36,885 - scrape_sa - DEBUG - Extracted dividend payout: (NYSE:GRP.U) CAD 0.227 payable on March 15
2018-02-16 21:25:36,885 - scrape_sa - DEBUG - Inserting dividend payout in db
2018-02-16 21:25:36,885 - scrape_sa - DEBUG - Insertion successful
2018-02-16 21:25:36,885 - scrape_sa - DEBUG - Extracted dividend payout: (OTC:AHOTF) $0.054 payable on March 15
2018-02-16 21:25:36,885 - scrape_sa - DEBUG - Inserting dividend payout in db
2018-02-16 21:25:36,886 - scrape_sa - DEBUG - Insertion successful
2018-02-16 21:25:36,886 - scrape_sa - DEBUG - Extracted dividend payout: (NYSE:VAC) $0.40 payable on March 15
2018-02-16 21:25:36,886 - scrape_sa - DEBUG - Inserting dividend payout in db
2018-02-16 21:25:36,886 - scrape_sa - DEBUG - Insertion successful
2018-02-16 21:25:36,886 - scrape_sa - DEBUG - Extracted dividend payout: (NYSE:DAN) $0.10 payable on March 23
2018-02-16 21:25:36,886 - scrape_sa - DEBUG - Inserting dividend payout in db
2018-02-16 21:25:36,886 - scrape_sa - DEBUG - Insertion successful
2018-02-16 21:25:36,887 - scrape_sa - DEBUG - Extracted dividend payout: (NYSE:FMC) $0.165 payable on April 19
2018-02-16 21:25:36,887 - scrape_sa - DEBUG - Inserting dividend payout in db
2018-02-16 21:25:36,887 - scrape_sa - DEBUG - Insertion successful
2018-02-16 21:25:36,887 - scrape_sa - DEBUG - Extracted dividend payout: (NYSE:LDOS) $0.32 payable on March 30
2018-02-16 21:25:36,887 - scrape_sa - DEBUG - Inserting dividend payout in db
2018-02-16 21:25:36,887 - scrape_sa - DEBUG - Insertion successful
2018-02-16 21:25:36,888 - scrape_sa - DEBUG - Extracted dividend payout: (NYSE:O) $0.219 payable on March 15
2018-02-16 21:25:36,888 - scrape_sa - DEBUG - Inserting dividend payout in db
2018-02-16 21:25:36,888 - scrape_sa - DEBUG - Insertion successful
2018-02-16 21:25:36,888 - scrape_sa - ERROR - Article could not be parsed: list index out of range!!
2018-02-16 21:25:36,889 - scrape_sa - DEBUG - Extracted dividend payout: (NASDAQ:HEES) $0.275 payable on March 9
2018-02-16 21:25:36,889 - scrape_sa - DEBUG - Inserting dividend payout in db
2018-02-16 21:25:36,889 - scrape_sa - DEBUG - Insertion successful
2018-02-16 21:25:36,889 - scrape_sa - DEBUG - Extracted dividend payout: (NYSE:ITT) $0.134 payable on April 2
2018-02-16 21:25:36,889 - scrape_sa - DEBUG - Inserting dividend payout in db
2018-02-16 21:25:36,890 - scrape_sa - DEBUG - Insertion successful
2018-02-16 21:25:36,890 - scrape_sa - DEBUG - Extracted dividend payout: (NASDAQ:PCH) $0.40 payable on March 30
2018-02-16 21:25:36,890 - scrape_sa - DEBUG - Inserting dividend payout in db
2018-02-16 21:25:36,890 - scrape_sa - DEBUG - Insertion successful
2018-02-16 21:25:36,890 - scrape_sa - DEBUG - Extracted dividend payout: (NYSE:NEE) $1.11 payable on March 15
2018-02-16 21:25:36,890 - scrape_sa - DEBUG - Inserting dividend payout in db
2018-02-16 21:25:36,890 - scrape_sa - DEBUG - Insertion successful
2018-02-16 21:25:36,891 - scrape_sa - DEBUG - Extracted dividend payout: (NASDAQ:OPOF) $0.11 payable on March 30
2018-02-16 21:25:36,891 - scrape_sa - DEBUG - Inserting dividend payout in db
2018-02-16 21:25:36,891 - scrape_sa - DEBUG - Insertion successful
2018-02-16 21:25:36,891 - scrape_sa - DEBUG - Extracted dividend payout: (NYSE:HQL) $0.40 payable on March 29
2018-02-16 21:25:36,891 - scrape_sa - DEBUG - Inserting dividend payout in db
2018-02-16 21:25:36,891 - scrape_sa - DEBUG - Insertion successful
2018-02-16 21:25:36,892 - scrape_sa - DEBUG - Extracted dividend payout: (NYSE:HQH) $0.48 payable on March 29
2018-02-16 21:25:36,892 - scrape_sa - DEBUG - Inserting dividend payout in db
2018-02-16 21:25:36,892 - scrape_sa - DEBUG - Insertion successful
2018-02-16 21:25:36,892 - scrape_sa - DEBUG - Extracted dividend payout: (NYSE:CHE) $0.28 payable on March 19
2018-02-16 21:25:36,892 - scrape_sa - DEBUG - Inserting dividend payout in db
2018-02-16 21:25:36,892 - scrape_sa - DEBUG - Insertion successful
2018-02-16 21:25:36,892 - scrape_sa - DEBUG - Extracted dividend payout: (NYSE:GGG) $0.1325 payable on May 2
2018-02-16 21:25:36,892 - scrape_sa - DEBUG - Inserting dividend payout in db
2018-02-16 21:25:36,893 - scrape_sa - DEBUG - Insertion successful
2018-02-16 21:25:36,893 - scrape_sa - DEBUG - Extracted dividend payout: (NYSE:K) $0.54 payable on March 15
2018-02-16 21:25:36,893 - scrape_sa - DEBUG - Inserting dividend payout in db
2018-02-16 21:25:36,893 - scrape_sa - DEBUG - Insertion successful
2018-02-16 21:25:36,893 - scrape_sa - DEBUG - Extracted dividend payout: (NYSE:ABT) $0.28 payable on May 15
2018-02-16 21:25:36,893 - scrape_sa - DEBUG - Inserting dividend payout in db
2018-02-16 21:25:36,893 - scrape_sa - DEBUG - Insertion successful
2018-02-16 21:25:36,894 - scrape_sa - DEBUG - Extracted dividend payout: (NASDAQ:FBSS) $0.12 payable on April 2
2018-02-16 21:25:36,894 - scrape_sa - DEBUG - Inserting dividend payout in db
2018-02-16 21:25:36,894 - scrape_sa - DEBUG - Insertion successful
2018-02-16 21:25:36,894 - scrape_sa - DEBUG - Extracted dividend payout: (NYSE:CTB) $0.105 payable on March 29
2018-02-16 21:25:36,894 - scrape_sa - DEBUG - Inserting dividend payout in db
2018-02-16 21:25:36,894 - scrape_sa - DEBUG - Insertion successful
2018-02-16 21:25:36,895 - scrape_sa - ERROR - Article could not be parsed: Could not parse string: Nexa Resources (NYSE:NEXA) declares $0.60/share distribution (share premium distribution).!!
2018-02-16 21:25:36,895 - scrape_sa - DEBUG - Extracted dividend payout: (NASDAQ:ESND) $0.14 payable on April 13
2018-02-16 21:25:36,895 - scrape_sa - DEBUG - Inserting dividend payout in db
2018-02-16 21:25:36,895 - scrape_sa - DEBUG - Insertion successful
2018-02-16 21:25:36,896 - scrape_sa - DEBUG - Extracted dividend payout: (OTCQX:PMULF) $0.03125 payable on March 15
2018-02-16 21:25:36,896 - scrape_sa - DEBUG - Inserting dividend payout in db
2018-02-16 21:25:36,896 - scrape_sa - DEBUG - Insertion successful
2018-02-16 21:25:36,896 - scrape_sa - DEBUG - Extracted dividend payout: (NYSE:PBT) $0.065637 payable on March 14
2018-02-16 21:25:36,896 - scrape_sa - DEBUG - Inserting dividend payout in db
2018-02-16 21:25:36,896 - scrape_sa - DEBUG - Insertion successful
2018-02-16 21:25:36,897 - scrape_sa - DEBUG - Extracted dividend payout: (NYSE:SJT) $0.035965 payable on March 14
2018-02-16 21:25:36,897 - scrape_sa - DEBUG - Inserting dividend payout in db
2018-02-16 21:25:36,897 - scrape_sa - DEBUG - Insertion successful
2018-02-16 21:25:36,897 - scrape_sa - DEBUG - Extracted dividend payout: (NYSE:NDRO) $0.037125 payable on March 14
2018-02-16 21:25:36,897 - scrape_sa - DEBUG - Inserting dividend payout in db
2018-02-16 21:25:36,897 - scrape_sa - DEBUG - Insertion successful
2018-02-16 21:25:36,897 - scrape_sa - DEBUG - Extracted dividend payout: (NASDAQ:MARPS) $0.074791 payable on March 28
2018-02-16 21:25:36,898 - scrape_sa - DEBUG - Inserting dividend payout in db
2018-02-16 21:25:36,898 - scrape_sa - DEBUG - Insertion successful
2018-02-16 21:25:36,898 - scrape_sa - DEBUG - Extracted dividend payout: (NYSE:FDX) $0.50 payable on April 2
2018-02-16 21:25:36,898 - scrape_sa - DEBUG - Inserting dividend payout in db
2018-02-16 21:25:36,898 - scrape_sa - DEBUG - Insertion successful
2018-02-16 21:25:36,899 - scrape_sa - DEBUG - Extracted dividend payout: (NYSE:FLO) $0.17 payable on March 16
2018-02-16 21:25:36,899 - scrape_sa - DEBUG - Inserting dividend payout in db
2018-02-16 21:25:36,899 - scrape_sa - DEBUG - Insertion successful
2018-02-16 21:25:36,899 - scrape_sa - DEBUG - Extracted dividend payout: (NYSE:HGT) $0.009251 payable on March 14
2018-02-16 21:25:36,899 - scrape_sa - DEBUG - Inserting dividend payout in db
2018-02-16 21:25:36,899 - scrape_sa - DEBUG - Insertion successful
2018-02-16 21:25:36,900 - scrape_sa - DEBUG - Extracted dividend payout: (NYSE:XL) $0.22 payable on April 2
2018-02-16 21:25:36,900 - scrape_sa - DEBUG - Inserting dividend payout in db
2018-02-16 21:25:36,900 - scrape_sa - DEBUG - Insertion successful
2018-02-16 21:25:36,900 - scrape_sa - DEBUG - Extracted dividend payout: (NYSE:CRT) $0.141575 payable on March 14
2018-02-16 21:25:36,900 - scrape_sa - DEBUG - Inserting dividend payout in db
2018-02-16 21:25:36,900 - scrape_sa - DEBUG - Insertion successful
2018-02-16 21:25:36,900 - scrape_sa - DEBUG - Extracted dividend payout: (OTC:KEYUF) CAD 0.14 payable on March 15
2018-02-16 21:25:36,900 - scrape_sa - DEBUG - Inserting dividend payout in db
2018-02-16 21:25:36,901 - scrape_sa - DEBUG - Insertion successful
2018-02-16 21:25:36,901 - scrape_sa - DEBUG - Extracted dividend payout: (NYSEMKT:UFAB) $0.15 payable on March 7
2018-02-16 21:25:36,901 - scrape_sa - DEBUG - Inserting dividend payout in db
2018-02-16 21:25:36,901 - scrape_sa - DEBUG - Insertion successful
2018-02-16 21:25:36,901 - scrape_sa - DEBUG - Extracted dividend payout: (NASDAQ:MNRO) $0.18 payable on March 26
2018-02-16 21:25:36,901 - scrape_sa - DEBUG - Inserting dividend payout in db
2018-02-16 21:25:36,901 - scrape_sa - DEBUG - Insertion successful
2018-02-16 21:25:36,902 - scrape_sa - DEBUG - Extracted dividend payout: (NYSE:OZM) $0.07 payable on March 5
2018-02-16 21:25:36,902 - scrape_sa - DEBUG - Inserting dividend payout in db
2018-02-16 21:25:36,902 - scrape_sa - DEBUG - Insertion successful
2018-02-16 21:25:36,902 - scrape_sa - DEBUG - Extracted dividend payout: (NYSE:CCC) $0.05 payable on March 15
2018-02-16 21:25:36,902 - scrape_sa - DEBUG - Inserting dividend payout in db
2018-02-16 21:25:36,902 - scrape_sa - DEBUG - Insertion successful
2018-02-16 21:25:36,903 - scrape_sa - DEBUG - Extracted dividend payout: (NASDAQ:KHC) $0.625 payable on March 23
2018-02-16 21:25:36,903 - scrape_sa - DEBUG - Inserting dividend payout in db
2018-02-16 21:25:36,903 - scrape_sa - DEBUG - Insertion successful
2018-02-16 21:25:36,903 - scrape_sa - DEBUG - Extracted dividend payout: (NYSE:NHI) $1.00 payable on May 10
2018-02-16 21:25:36,903 - scrape_sa - DEBUG - Inserting dividend payout in db
2018-02-16 21:25:36,903 - scrape_sa - DEBUG - Insertion successful
2018-02-16 21:25:36,904 - scrape_sa - INFO - End scraping dividends
2018-02-16 21:26:05,268 - scrape_sa - INFO - Start scraping dividends for date=2018-02-16
2018-02-16 21:26:05,270 - scrape_sa - INFO - Retrieving web page
2018-02-16 21:26:05,270 - scrape_sa - DEBUG - URL=https://seekingalpha.com/market-news/ajax_get_market_currents, headers={'Cache-Control': 'no-cache', 'User-Agent': 'Mozilla/5.0'}, querystring={'current_tag': 'dividends', 'date': '2018-02-16'}
2018-02-16 21:26:05,912 - scrape_sa - INFO - Page retrieved
2018-02-16 21:26:06,009 - scrape_sa - DEBUG - Extracted dividend payout: (NYSE:GRP.U) CAD 0.227 payable on March 15
2018-02-16 21:26:06,009 - scrape_sa - DEBUG - Inserting dividend payout in db
2018-02-16 21:26:06,009 - scrape_sa - DEBUG - Insertion successful
2018-02-16 21:26:06,009 - scrape_sa - DEBUG - Extracted dividend payout: (OTC:AHOTF) $0.054 payable on March 15
2018-02-16 21:26:06,009 - scrape_sa - DEBUG - Inserting dividend payout in db
2018-02-16 21:26:06,010 - scrape_sa - DEBUG - Insertion successful
2018-02-16 21:26:06,010 - scrape_sa - DEBUG - Extracted dividend payout: (NYSE:VAC) $0.40 payable on March 15
2018-02-16 21:26:06,010 - scrape_sa - DEBUG - Inserting dividend payout in db
2018-02-16 21:26:06,010 - scrape_sa - DEBUG - Insertion successful
2018-02-16 21:26:06,011 - scrape_sa - DEBUG - Extracted dividend payout: (NYSE:DAN) $0.10 payable on March 23
2018-02-16 21:26:06,011 - scrape_sa - DEBUG - Inserting dividend payout in db
2018-02-16 21:26:06,011 - scrape_sa - DEBUG - Insertion successful
2018-02-16 21:26:06,011 - scrape_sa - DEBUG - Extracted dividend payout: (NYSE:FMC) $0.165 payable on April 19
2018-02-16 21:26:06,011 - scrape_sa - DEBUG - Inserting dividend payout in db
2018-02-16 21:26:06,011 - scrape_sa - DEBUG - Insertion successful
2018-02-16 21:26:06,011 - scrape_sa - DEBUG - Extracted dividend payout: (NYSE:LDOS) $0.32 payable on March 30
2018-02-16 21:26:06,011 - scrape_sa - DEBUG - Inserting dividend payout in db
2018-02-16 21:26:06,012 - scrape_sa - DEBUG - Insertion successful
2018-02-16 21:26:06,012 - scrape_sa - DEBUG - Extracted dividend payout: (NYSE:O) $0.219 payable on March 15
2018-02-16 21:26:06,012 - scrape_sa - DEBUG - Inserting dividend payout in db
2018-02-16 21:26:06,012 - scrape_sa - DEBUG - Insertion successful
2018-02-16 21:26:06,013 - scrape_sa - ERROR - Article could not be parsed: list index out of range!!
2018-02-16 21:26:06,013 - scrape_sa - DEBUG - Extracted dividend payout: (NASDAQ:HEES) $0.275 payable on March 9
2018-02-16 21:26:06,013 - scrape_sa - DEBUG - Inserting dividend payout in db
2018-02-16 21:26:06,013 - scrape_sa - DEBUG - Insertion successful
2018-02-16 21:26:06,014 - scrape_sa - DEBUG - Extracted dividend payout: (NYSE:ITT) $0.134 payable on April 2
2018-02-16 21:26:06,014 - scrape_sa - DEBUG - Inserting dividend payout in db
2018-02-16 21:26:06,014 - scrape_sa - DEBUG - Insertion successful
2018-02-16 21:26:06,014 - scrape_sa - DEBUG - Extracted dividend payout: (NASDAQ:PCH) $0.40 payable on March 30
2018-02-16 21:26:06,014 - scrape_sa - DEBUG - Inserting dividend payout in db
2018-02-16 21:26:06,014 - scrape_sa - DEBUG - Insertion successful
2018-02-16 21:26:06,015 - scrape_sa - DEBUG - Extracted dividend payout: (NYSE:NEE) $1.11 payable on March 15
2018-02-16 21:26:06,015 - scrape_sa - DEBUG - Inserting dividend payout in db
2018-02-16 21:26:06,015 - scrape_sa - DEBUG - Insertion successful
2018-02-16 21:26:06,015 - scrape_sa - DEBUG - Extracted dividend payout: (NASDAQ:OPOF) $0.11 payable on March 30
2018-02-16 21:26:06,015 - scrape_sa - DEBUG - Inserting dividend payout in db
2018-02-16 21:26:06,015 - scrape_sa - DEBUG - Insertion successful
2018-02-16 21:26:06,015 - scrape_sa - DEBUG - Extracted dividend payout: (NYSE:HQL) $0.40 payable on March 29
2018-02-16 21:26:06,016 - scrape_sa - DEBUG - Inserting dividend payout in db
2018-02-16 21:26:06,016 - scrape_sa - DEBUG - Insertion successful
2018-02-16 21:26:06,016 - scrape_sa - DEBUG - Extracted dividend payout: (NYSE:HQH) $0.48 payable on March 29
2018-02-16 21:26:06,016 - scrape_sa - DEBUG - Inserting dividend payout in db
2018-02-16 21:26:06,016 - scrape_sa - DEBUG - Insertion successful
2018-02-16 21:26:06,016 - scrape_sa - DEBUG - Extracted dividend payout: (NYSE:CHE) $0.28 payable on March 19
2018-02-16 21:26:06,016 - scrape_sa - DEBUG - Inserting dividend payout in db
2018-02-16 21:26:06,017 - scrape_sa - DEBUG - Insertion successful
2018-02-16 21:26:06,017 - scrape_sa - DEBUG - Extracted dividend payout: (NYSE:GGG) $0.1325 payable on May 2
2018-02-16 21:26:06,017 - scrape_sa - DEBUG - Inserting dividend payout in db
2018-02-16 21:26:06,017 - scrape_sa - DEBUG - Insertion successful
2018-02-16 21:26:06,017 - scrape_sa - DEBUG - Extracted dividend payout: (NYSE:K) $0.54 payable on March 15
2018-02-16 21:26:06,017 - scrape_sa - DEBUG - Inserting dividend payout in db
2018-02-16 21:26:06,018 - scrape_sa - DEBUG - Insertion successful
2018-02-16 21:26:06,018 - scrape_sa - DEBUG - Extracted dividend payout: (NYSE:ABT) $0.28 payable on May 15
2018-02-16 21:26:06,018 - scrape_sa - DEBUG - Inserting dividend payout in db
2018-02-16 21:26:06,018 - scrape_sa - DEBUG - Insertion successful
2018-02-16 21:26:06,018 - scrape_sa - DEBUG - Extracted dividend payout: (NASDAQ:FBSS) $0.12 payable on April 2
2018-02-16 21:26:06,018 - scrape_sa - DEBUG - Inserting dividend payout in db
2018-02-16 21:26:06,018 - scrape_sa - DEBUG - Insertion successful
2018-02-16 21:26:06,019 - scrape_sa - DEBUG - Extracted dividend payout: (NYSE:CTB) $0.105 payable on March 29
2018-02-16 21:26:06,019 - scrape_sa - DEBUG - Inserting dividend payout in db
2018-02-16 21:26:06,019 - scrape_sa - DEBUG - Insertion successful
2018-02-16 21:26:06,019 - scrape_sa - ERROR - Article could not be parsed: Could not parse string: Nexa Resources (NYSE:NEXA) declares $0.60/share distribution (share premium distribution).!!
2018-02-16 21:26:06,020 - scrape_sa - DEBUG - Extracted dividend payout: (NASDAQ:ESND) $0.14 payable on April 13
2018-02-16 21:26:06,020 - scrape_sa - DEBUG - Inserting dividend payout in db
2018-02-16 21:26:06,020 - scrape_sa - DEBUG - Insertion successful
2018-02-16 21:26:06,021 - scrape_sa - DEBUG - Extracted dividend payout: (OTCQX:PMULF) $0.03125 payable on March 15
2018-02-16 21:26:06,021 - scrape_sa - DEBUG - Inserting dividend payout in db
2018-02-16 21:26:06,021 - scrape_sa - DEBUG - Insertion successful
2018-02-16 21:26:06,021 - scrape_sa - DEBUG - Extracted dividend payout: (NYSE:PBT) $0.065637 payable on March 14
2018-02-16 21:26:06,021 - scrape_sa - DEBUG - Inserting dividend payout in db
2018-02-16 21:26:06,021 - scrape_sa - DEBUG - Insertion successful
2018-02-16 21:26:06,022 - scrape_sa - DEBUG - Extracted dividend payout: (NYSE:SJT) $0.035965 payable on March 14
2018-02-16 21:26:06,022 - scrape_sa - DEBUG - Inserting dividend payout in db
2018-02-16 21:26:06,022 - scrape_sa - DEBUG - Insertion successful
2018-02-16 21:26:06,022 - scrape_sa - DEBUG - Extracted dividend payout: (NYSE:NDRO) $0.037125 payable on March 14
2018-02-16 21:26:06,022 - scrape_sa - DEBUG - Inserting dividend payout in db
2018-02-16 21:26:06,022 - scrape_sa - DEBUG - Insertion successful
2018-02-16 21:26:06,023 - scrape_sa - DEBUG - Extracted dividend payout: (NASDAQ:MARPS) $0.074791 payable on March 28
2018-02-16 21:26:06,023 - scrape_sa - DEBUG - Inserting dividend payout in db
2018-02-16 21:26:06,023 - scrape_sa - DEBUG - Insertion successful
2018-02-16 21:26:06,023 - scrape_sa - DEBUG - Extracted dividend payout: (NYSE:FDX) $0.50 payable on April 2
2018-02-16 21:26:06,023 - scrape_sa - DEBUG - Inserting dividend payout in db
2018-02-16 21:26:06,023 - scrape_sa - DEBUG - Insertion successful
2018-02-16 21:26:06,023 - scrape_sa - DEBUG - Extracted dividend payout: (NYSE:FLO) $0.17 payable on March 16
2018-02-16 21:26:06,024 - scrape_sa - DEBUG - Inserting dividend payout in db
2018-02-16 21:26:06,024 - scrape_sa - DEBUG - Insertion successful
2018-02-16 21:26:06,024 - scrape_sa - DEBUG - Extracted dividend payout: (NYSE:HGT) $0.009251 payable on March 14
2018-02-16 21:26:06,024 - scrape_sa - DEBUG - Inserting dividend payout in db
2018-02-16 21:26:06,024 - scrape_sa - DEBUG - Insertion successful
2018-02-16 21:26:06,024 - scrape_sa - DEBUG - Extracted dividend payout: (NYSE:XL) $0.22 payable on April 2
2018-02-16 21:26:06,024 - scrape_sa - DEBUG - Inserting dividend payout in db
2018-02-16 21:26:06,025 - scrape_sa - DEBUG - Insertion successful
2018-02-16 21:26:06,025 - scrape_sa - DEBUG - Extracted dividend payout: (NYSE:CRT) $0.141575 payable on March 14
2018-02-16 21:26:06,025 - scrape_sa - DEBUG - Inserting dividend payout in db
2018-02-16 21:26:06,025 - scrape_sa - DEBUG - Insertion successful
2018-02-16 21:26:06,025 - scrape_sa - DEBUG - Extracted dividend payout: (OTC:KEYUF) CAD 0.14 payable on March 15
2018-02-16 21:26:06,025 - scrape_sa - DEBUG - Inserting dividend payout in db
2018-02-16 21:26:06,025 - scrape_sa - DEBUG - Insertion successful
2018-02-16 21:26:06,026 - scrape_sa - DEBUG - Extracted dividend payout: (NYSEMKT:UFAB) $0.15 payable on March 7
2018-02-16 21:26:06,026 - scrape_sa - DEBUG - Inserting dividend payout in db
2018-02-16 21:26:06,026 - scrape_sa - DEBUG - Insertion successful
2018-02-16 21:26:06,026 - scrape_sa - DEBUG - Extracted dividend payout: (NASDAQ:MNRO) $0.18 payable on March 26
2018-02-16 21:26:06,026 - scrape_sa - DEBUG - Inserting dividend payout in db
2018-02-16 21:26:06,026 - scrape_sa - DEBUG - Insertion successful
2018-02-16 21:26:06,027 - scrape_sa - DEBUG - Extracted dividend payout: (NYSE:OZM) $0.07 payable on March 5
2018-02-16 21:26:06,027 - scrape_sa - DEBUG - Inserting dividend payout in db
2018-02-16 21:26:06,027 - scrape_sa - DEBUG - Insertion successful
2018-02-16 21:26:06,027 - scrape_sa - DEBUG - Extracted dividend payout: (NYSE:CCC) $0.05 payable on March 15
2018-02-16 21:26:06,027 - scrape_sa - DEBUG - Inserting dividend payout in db
2018-02-16 21:26:06,027 - scrape_sa - DEBUG - Insertion successful
2018-02-16 21:26:06,028 - scrape_sa - DEBUG - Extracted dividend payout: (NASDAQ:KHC) $0.625 payable on March 23
2018-02-16 21:26:06,028 - scrape_sa - DEBUG - Inserting dividend payout in db
2018-02-16 21:26:06,028 - scrape_sa - DEBUG - Insertion successful
2018-02-16 21:26:06,028 - scrape_sa - DEBUG - Extracted dividend payout: (NYSE:NHI) $1.00 payable on May 10
2018-02-16 21:26:06,028 - scrape_sa - DEBUG - Inserting dividend payout in db
2018-02-16 21:26:06,028 - scrape_sa - DEBUG - Insertion successful
2018-02-16 21:26:06,029 - scrape_sa - INFO - End scraping dividends
2018-02-16 21:26:06,029 - scrape_sa - INFO - 38 div payouts extracted successfully
2018-02-16 21:26:06,029 - scrape_sa - INFO - 2 div payouts could not be extracted
2018-02-16 21:27:36,360 - scrape_sa - INFO - Start scraping dividends for date=2018-02-5
2018-02-16 21:27:36,361 - scrape_sa - INFO - Retrieving web page
2018-02-16 21:27:36,361 - scrape_sa - DEBUG - URL=https://seekingalpha.com/market-news/ajax_get_market_currents, headers={'Cache-Control': 'no-cache', 'User-Agent': 'Mozilla/5.0'}, querystring={'current_tag': 'dividends', 'date': '2018-02-5'}
2018-02-16 21:27:37,204 - scrape_sa - INFO - Page retrieved
2018-02-16 21:27:37,256 - scrape_sa - DEBUG - Extracted dividend payout: (NYSE:SMM) $0.244 payable on Feb. 27
2018-02-16 21:27:37,256 - scrape_sa - DEBUG - Inserting dividend payout in db
2018-02-16 21:27:37,257 - scrape_sa - DEBUG - Insertion successful
2018-02-16 21:27:37,257 - scrape_sa - DEBUG - Extracted dividend payout: (NYSE:PBI) $0.1875 payable on March 12
2018-02-16 21:27:37,257 - scrape_sa - DEBUG - Inserting dividend payout in db
2018-02-16 21:27:37,257 - scrape_sa - DEBUG - Insertion successful
2018-02-16 21:27:37,257 - scrape_sa - DEBUG - Extracted dividend payout: (OTCPK:BORT) $0.15 payable on Feb. 16
2018-02-16 21:27:37,257 - scrape_sa - DEBUG - Inserting dividend payout in db
2018-02-16 21:27:37,258 - scrape_sa - DEBUG - Insertion successful
2018-02-16 21:27:37,258 - scrape_sa - DEBUG - Extracted dividend payout: (NYSE:UTX) $0.70 payable on March 10
2018-02-16 21:27:37,258 - scrape_sa - DEBUG - Inserting dividend payout in db
2018-02-16 21:27:37,258 - scrape_sa - DEBUG - Insertion successful
2018-02-16 21:27:37,258 - scrape_sa - ERROR - Article could not be parsed: list index out of range!!
2018-02-16 21:27:37,259 - scrape_sa - DEBUG - Extracted dividend payout: (NYSE:GM) $0.38 payable on March 23
2018-02-16 21:27:37,259 - scrape_sa - DEBUG - Inserting dividend payout in db
2018-02-16 21:27:37,259 - scrape_sa - DEBUG - Insertion successful
2018-02-16 21:27:37,260 - scrape_sa - DEBUG - Extracted dividend payout: (NYSE:INN) $0.18 payable on Feb. 28
2018-02-16 21:27:37,260 - scrape_sa - DEBUG - Inserting dividend payout in db
2018-02-16 21:27:37,260 - scrape_sa - DEBUG - Insertion successful
2018-02-16 21:27:37,260 - scrape_sa - DEBUG - Extracted dividend payout: (NASDAQ:PAHC) $0.10 payable on March 28
2018-02-16 21:27:37,260 - scrape_sa - DEBUG - Inserting dividend payout in db
2018-02-16 21:27:37,260 - scrape_sa - DEBUG - Insertion successful
2018-02-16 21:27:37,261 - scrape_sa - DEBUG - Extracted dividend payout: (NYSE:NNI) $0.16 payable on March 15
2018-02-16 21:27:37,261 - scrape_sa - DEBUG - Inserting dividend payout in db
2018-02-16 21:27:37,261 - scrape_sa - DEBUG - Insertion successful
2018-02-16 21:27:37,261 - scrape_sa - DEBUG - Extracted dividend payout: (NASDAQ:SBRA) $0.45 payable on Feb. 28
2018-02-16 21:27:37,261 - scrape_sa - DEBUG - Inserting dividend payout in db
2018-02-16 21:27:37,261 - scrape_sa - DEBUG - Insertion successful
2018-02-16 21:27:37,261 - scrape_sa - DEBUG - Extracted dividend payout: (NYSE:MA) $0.25 payable on May 9
2018-02-16 21:27:37,262 - scrape_sa - DEBUG - Inserting dividend payout in db
2018-02-16 21:27:37,262 - scrape_sa - DEBUG - Insertion successful
2018-02-16 21:27:37,262 - scrape_sa - DEBUG - Extracted dividend payout: (NYSE:SBR) $0.191220 payable on Feb. 28
2018-02-16 21:27:37,262 - scrape_sa - DEBUG - Inserting dividend payout in db
2018-02-16 21:27:37,262 - scrape_sa - DEBUG - Insertion successful
2018-02-16 21:27:37,262 - scrape_sa - DEBUG - Extracted dividend payout: (NASDAQ:KINS) $0.10 payable on March 15
2018-02-16 21:27:37,262 - scrape_sa - DEBUG - Inserting dividend payout in db
2018-02-16 21:27:37,263 - scrape_sa - DEBUG - Insertion successful
2018-02-16 21:27:37,263 - scrape_sa - DEBUG - Extracted dividend payout: (NYSE:MCY) $0.6250 payable on March 29
2018-02-16 21:27:37,263 - scrape_sa - DEBUG - Inserting dividend payout in db
2018-02-16 21:27:37,263 - scrape_sa - DEBUG - Insertion successful
2018-02-16 21:27:37,263 - scrape_sa - DEBUG - Extracted dividend payout: (NYSE:SALT) $0.02 payable on March 15
2018-02-16 21:27:37,263 - scrape_sa - DEBUG - Inserting dividend payout in db
2018-02-16 21:27:37,263 - scrape_sa - DEBUG - Insertion successful
2018-02-16 21:27:37,264 - scrape_sa - DEBUG - Extracted dividend payout: (NASDAQ:TACT) $0.09 payable on March 15
2018-02-16 21:27:37,264 - scrape_sa - DEBUG - Inserting dividend payout in db
2018-02-16 21:27:37,264 - scrape_sa - DEBUG - Insertion successful
2018-02-16 21:27:37,264 - scrape_sa - DEBUG - Extracted dividend payout: (NYSE:WTR) $0.2047 payable on March 1
2018-02-16 21:27:37,264 - scrape_sa - DEBUG - Inserting dividend payout in db
2018-02-16 21:27:37,264 - scrape_sa - DEBUG - Insertion successful
2018-02-16 21:27:37,265 - scrape_sa - DEBUG - Extracted dividend payout: (NYSE:GEO) $0.47 payable on Feb. 27
2018-02-16 21:27:37,265 - scrape_sa - DEBUG - Inserting dividend payout in db
2018-02-16 21:27:37,265 - scrape_sa - DEBUG - Insertion successful
2018-02-16 21:27:37,265 - scrape_sa - INFO - End scraping dividends
2018-02-16 21:27:37,266 - scrape_sa - INFO - 17 div payouts extracted successfully
2018-02-16 21:27:37,266 - scrape_sa - INFO - 1 div payouts could not be extracted
2018-02-16 21:27:40,475 - scrape_sa - INFO - Start scraping dividends for date=2018-02-15
2018-02-16 21:27:40,476 - scrape_sa - INFO - Retrieving web page
2018-02-16 21:27:40,476 - scrape_sa - DEBUG - URL=https://seekingalpha.com/market-news/ajax_get_market_currents, headers={'Cache-Control': 'no-cache', 'User-Agent': 'Mozilla/5.0'}, querystring={'current_tag': 'dividends', 'date': '2018-02-15'}
2018-02-16 21:27:41,619 - scrape_sa - INFO - Page retrieved
2018-02-16 21:27:41,743 - scrape_sa - DEBUG - Extracted dividend payout: (OTCPK:WFSTF) CAD 0.02 payable on March 16
2018-02-16 21:27:41,743 - scrape_sa - DEBUG - Inserting dividend payout in db
2018-02-16 21:27:41,743 - scrape_sa - DEBUG - Insertion successful
2018-02-16 21:27:41,744 - scrape_sa - DEBUG - Extracted dividend payout: (NASDAQ:CATY) $0.24 payable on March 12
2018-02-16 21:27:41,744 - scrape_sa - DEBUG - Inserting dividend payout in db
2018-02-16 21:27:41,744 - scrape_sa - DEBUG - Insertion successful
2018-02-16 21:27:41,744 - scrape_sa - DEBUG - Extracted dividend payout: (NYSE:AUY) $0.005 payable on April 13
2018-02-16 21:27:41,744 - scrape_sa - DEBUG - Inserting dividend payout in db
2018-02-16 21:27:41,744 - scrape_sa - DEBUG - Insertion successful
2018-02-16 21:27:41,745 - scrape_sa - DEBUG - Extracted dividend payout: (NYSE:NYLD) $0.298 payable on March 15
2018-02-16 21:27:41,745 - scrape_sa - DEBUG - Inserting dividend payout in db
2018-02-16 21:27:41,745 - scrape_sa - DEBUG - Insertion successful
2018-02-16 21:27:41,745 - scrape_sa - DEBUG - Extracted dividend payout: (NASDAQ:CBOE) $0.27 payable on March 16
2018-02-16 21:27:41,745 - scrape_sa - DEBUG - Inserting dividend payout in db
2018-02-16 21:27:41,745 - scrape_sa - DEBUG - Insertion successful
2018-02-16 21:27:41,745 - scrape_sa - DEBUG - Extracted dividend payout: (NYSE:LGI) $0.11556 payable on March 23
2018-02-16 21:27:41,745 - scrape_sa - DEBUG - Inserting dividend payout in db
2018-02-16 21:27:41,746 - scrape_sa - DEBUG - Insertion successful
2018-02-16 21:27:41,746 - scrape_sa - DEBUG - Extracted dividend payout: (NYSE:FT) $0.032 payable on March 15
2018-02-16 21:27:41,746 - scrape_sa - DEBUG - Inserting dividend payout in db
2018-02-16 21:27:41,746 - scrape_sa - DEBUG - Insertion successful
2018-02-16 21:27:41,746 - scrape_sa - DEBUG - Extracted dividend payout: (NYSE:BGH) $0.1482 payable on May 1
2018-02-16 21:27:41,746 - scrape_sa - DEBUG - Inserting dividend payout in db
2018-02-16 21:27:41,746 - scrape_sa - DEBUG - Insertion successful
2018-02-16 21:27:41,747 - scrape_sa - DEBUG - Extracted dividend payout: (NYSE:LOR) $0.07409 payable on March 23
2018-02-16 21:27:41,747 - scrape_sa - DEBUG - Inserting dividend payout in db
2018-02-16 21:27:41,747 - scrape_sa - DEBUG - Insertion successful
2018-02-16 21:27:41,747 - scrape_sa - DEBUG - Extracted dividend payout: (NYSEMKT:FTF) $0.1030 payable on March 15
2018-02-16 21:27:41,747 - scrape_sa - DEBUG - Inserting dividend payout in db
2018-02-16 21:27:41,747 - scrape_sa - DEBUG - Insertion successful
2018-02-16 21:27:41,748 - scrape_sa - DEBUG - Extracted dividend payout: (NYSE:TNC) $0.21 payable on March 15
2018-02-16 21:27:41,748 - scrape_sa - DEBUG - Inserting dividend payout in db
2018-02-16 21:27:41,748 - scrape_sa - DEBUG - Insertion successful
2018-02-16 21:27:41,748 - scrape_sa - ERROR - Article could not be parsed: Could not parse string: E.W. Scripps (NYSE:SSP) initiates quarterly dividend of $0.05/share.!!
2018-02-16 21:27:41,749 - scrape_sa - DEBUG - Extracted dividend payout: (NYSE:NUS) $0.365 payable on March 14
2018-02-16 21:27:41,749 - scrape_sa - DEBUG - Inserting dividend payout in db
2018-02-16 21:27:41,749 - scrape_sa - DEBUG - Insertion successful
2018-02-16 21:27:41,749 - scrape_sa - DEBUG - Extracted dividend payout: (OTCPK:PDTRF) CAD 0.026 payable on March 15
2018-02-16 21:27:41,749 - scrape_sa - DEBUG - Inserting dividend payout in db
2018-02-16 21:27:41,750 - scrape_sa - DEBUG - Insertion successful
2018-02-16 21:27:41,750 - scrape_sa - DEBUG - Extracted dividend payout: (NYSE:OMC) $0.60 payable on April 9
2018-02-16 21:27:41,750 - scrape_sa - DEBUG - Inserting dividend payout in db
2018-02-16 21:27:41,750 - scrape_sa - DEBUG - Insertion successful
2018-02-16 21:27:41,750 - scrape_sa - DEBUG - Extracted dividend payout: (NYSE:ARNC) $0.06 payable on May 25
2018-02-16 21:27:41,750 - scrape_sa - DEBUG - Inserting dividend payout in db
2018-02-16 21:27:41,750 - scrape_sa - DEBUG - Insertion successful
2018-02-16 21:27:41,751 - scrape_sa - DEBUG - Extracted dividend payout: (NYSE:STT) $0.42 payable on April 16
2018-02-16 21:27:41,751 - scrape_sa - DEBUG - Inserting dividend payout in db
2018-02-16 21:27:41,751 - scrape_sa - DEBUG - Insertion successful
2018-02-16 21:27:41,751 - scrape_sa - DEBUG - Extracted dividend payout: (NASDAQ:SSNC) $0.07 payable on March 15
2018-02-16 21:27:41,751 - scrape_sa - DEBUG - Inserting dividend payout in db
2018-02-16 21:27:41,751 - scrape_sa - DEBUG - Insertion successful
2018-02-16 21:27:41,752 - scrape_sa - DEBUG - Extracted dividend payout: (NASDAQ:MERC) $0.125 payable on April 4
2018-02-16 21:27:41,752 - scrape_sa - DEBUG - Inserting dividend payout in db
2018-02-16 21:27:41,752 - scrape_sa - DEBUG - Insertion successful
2018-02-16 21:27:41,752 - scrape_sa - DEBUG - Extracted dividend payout: (NYSE:DWDP) $0.38 payable on March 15
2018-02-16 21:27:41,752 - scrape_sa - DEBUG - Inserting dividend payout in db
2018-02-16 21:27:41,752 - scrape_sa - DEBUG - Insertion successful
2018-02-16 21:27:41,752 - scrape_sa - DEBUG - Extracted dividend payout: (NYSE:MPW) $0.25 payable on April 12
2018-02-16 21:27:41,752 - scrape_sa - DEBUG - Inserting dividend payout in db
2018-02-16 21:27:41,753 - scrape_sa - DEBUG - Insertion successful
2018-02-16 21:27:41,753 - scrape_sa - DEBUG - Extracted dividend payout: (NYSE:EXR) $0.78 payable on March 29
2018-02-16 21:27:41,753 - scrape_sa - DEBUG - Inserting dividend payout in db
2018-02-16 21:27:41,753 - scrape_sa - DEBUG - Insertion successful
2018-02-16 21:27:41,753 - scrape_sa - DEBUG - Extracted dividend payout: (NASDAQ:RICK) $0.03 payable on March 26
2018-02-16 21:27:41,753 - scrape_sa - DEBUG - Inserting dividend payout in db
2018-02-16 21:27:41,754 - scrape_sa - DEBUG - Insertion successful
2018-02-16 21:27:41,754 - scrape_sa - DEBUG - Extracted dividend payout: (NYSE:VSH) $0.0675 payable on March 29
2018-02-16 21:27:41,754 - scrape_sa - DEBUG - Inserting dividend payout in db
2018-02-16 21:27:41,754 - scrape_sa - DEBUG - Insertion successful
2018-02-16 21:27:41,755 - scrape_sa - DEBUG - Extracted dividend payout: (NYSE:HI) $0.2075 payable on March 30
2018-02-16 21:27:41,755 - scrape_sa - DEBUG - Inserting dividend payout in db
2018-02-16 21:27:41,755 - scrape_sa - DEBUG - Insertion successful
2018-02-16 21:27:41,755 - scrape_sa - DEBUG - Extracted dividend payout: (NYSE:CTT) $0.135 payable on March 16
2018-02-16 21:27:41,755 - scrape_sa - DEBUG - Inserting dividend payout in db
2018-02-16 21:27:41,755 - scrape_sa - DEBUG - Insertion successful
2018-02-16 21:27:41,755 - scrape_sa - DEBUG - Extracted dividend payout: (NYSE:NKE) $0.20 payable on April 2
2018-02-16 21:27:41,756 - scrape_sa - DEBUG - Inserting dividend payout in db
2018-02-16 21:27:41,756 - scrape_sa - DEBUG - Insertion successful
2018-02-16 21:27:41,756 - scrape_sa - DEBUG - Extracted dividend payout: (NYSE:WEN) $0.085 payable on March 15
2018-02-16 21:27:41,756 - scrape_sa - DEBUG - Inserting dividend payout in db
2018-02-16 21:27:41,756 - scrape_sa - DEBUG - Insertion successful
2018-02-16 21:27:41,756 - scrape_sa - DEBUG - Extracted dividend payout: (NASDAQ:SAMG) $0.14 payable on March 16
2018-02-16 21:27:41,756 - scrape_sa - DEBUG - Inserting dividend payout in db
2018-02-16 21:27:41,757 - scrape_sa - DEBUG - Insertion successful
2018-02-16 21:27:41,757 - scrape_sa - DEBUG - Extracted dividend payout: (NYSE:ITG) $0.07 payable on March 15
2018-02-16 21:27:41,757 - scrape_sa - DEBUG - Inserting dividend payout in db
2018-02-16 21:27:41,757 - scrape_sa - DEBUG - Insertion successful
2018-02-16 21:27:41,757 - scrape_sa - DEBUG - Extracted dividend payout: (NYSE:BGC) $0.18 payable on March 30
2018-02-16 21:27:41,757 - scrape_sa - DEBUG - Inserting dividend payout in db
2018-02-16 21:27:41,757 - scrape_sa - DEBUG - Insertion successful
2018-02-16 21:27:41,758 - scrape_sa - DEBUG - Extracted dividend payout: (NYSE:SNA) $0.82 payable on March 16
2018-02-16 21:27:41,758 - scrape_sa - DEBUG - Inserting dividend payout in db
2018-02-16 21:27:41,758 - scrape_sa - DEBUG - Insertion successful
2018-02-16 21:27:41,758 - scrape_sa - DEBUG - Extracted dividend payout: (NASDAQ:SAFT) $0.80 payable on March 15
2018-02-16 21:27:41,758 - scrape_sa - DEBUG - Inserting dividend payout in db
2018-02-16 21:27:41,758 - scrape_sa - DEBUG - Insertion successful
2018-02-16 21:27:41,759 - scrape_sa - DEBUG - Extracted dividend payout: (NYSE:EPR) $0.36 payable on March 15
2018-02-16 21:27:41,759 - scrape_sa - DEBUG - Inserting dividend payout in db
2018-02-16 21:27:41,759 - scrape_sa - DEBUG - Insertion successful
2018-02-16 21:27:41,759 - scrape_sa - DEBUG - Extracted dividend payout: (OTCPK:APYRF) CAD 0.13 payable on March 15
2018-02-16 21:27:41,759 - scrape_sa - DEBUG - Inserting dividend payout in db
2018-02-16 21:27:41,759 - scrape_sa - DEBUG - Insertion successful
2018-02-16 21:27:41,759 - scrape_sa - DEBUG - Extracted dividend payout: (NASDAQ:KELYA) $0.075 payable on March 12
2018-02-16 21:27:41,759 - scrape_sa - DEBUG - Inserting dividend payout in db
2018-02-16 21:27:41,760 - scrape_sa - DEBUG - Insertion successful
2018-02-16 21:27:41,760 - scrape_sa - DEBUG - Extracted dividend payout: (NASDAQ:AMSWA) $0.11 payable on May 25
2018-02-16 21:27:41,760 - scrape_sa - DEBUG - Inserting dividend payout in db
2018-02-16 21:27:41,760 - scrape_sa - DEBUG - Insertion successful
2018-02-16 21:27:41,760 - scrape_sa - DEBUG - Extracted dividend payout: (NYSE:MSI) $0.52 payable on April 13
2018-02-16 21:27:41,760 - scrape_sa - DEBUG - Inserting dividend payout in db
2018-02-16 21:27:41,760 - scrape_sa - DEBUG - Insertion successful
2018-02-16 21:27:41,761 - scrape_sa - DEBUG - Extracted dividend payout: (NYSE:AGR) $0.432 payable on April 2
2018-02-16 21:27:41,761 - scrape_sa - DEBUG - Inserting dividend payout in db
2018-02-16 21:27:41,761 - scrape_sa - DEBUG - Insertion successful
2018-02-16 21:27:41,761 - scrape_sa - DEBUG - Extracted dividend payout: (NYSE:CP) CAD 0.5625 payable on April 30
2018-02-16 21:27:41,761 - scrape_sa - DEBUG - Inserting dividend payout in db
2018-02-16 21:27:41,761 - scrape_sa - DEBUG - Insertion successful
2018-02-16 21:27:41,761 - scrape_sa - DEBUG - Extracted dividend payout: (NYSE:ABBV) $0.96 payable on May 15
2018-02-16 21:27:41,762 - scrape_sa - DEBUG - Inserting dividend payout in db
2018-02-16 21:27:41,762 - scrape_sa - DEBUG - Insertion successful
2018-02-16 21:27:41,762 - scrape_sa - DEBUG - Extracted dividend payout: (NYSE:MDU) $0.1975 payable on April 1
2018-02-16 21:27:41,762 - scrape_sa - DEBUG - Inserting dividend payout in db
2018-02-16 21:27:41,762 - scrape_sa - DEBUG - Insertion successful
2018-02-16 21:27:41,762 - scrape_sa - DEBUG - Extracted dividend payout: (NYSE:VET) CAD 0.215 payable on March 15
2018-02-16 21:27:41,762 - scrape_sa - DEBUG - Inserting dividend payout in db
2018-02-16 21:27:41,762 - scrape_sa - DEBUG - Insertion successful
2018-02-16 21:27:41,763 - scrape_sa - DEBUG - Extracted dividend payout: (NYSE:HTA) $0.305 payable on April 10
2018-02-16 21:27:41,763 - scrape_sa - DEBUG - Inserting dividend payout in db
2018-02-16 21:27:41,763 - scrape_sa - DEBUG - Insertion successful
2018-02-16 21:27:41,763 - scrape_sa - DEBUG - Extracted dividend payout: (NYSE:KO) $0.39 payable on April 2
2018-02-16 21:27:41,763 - scrape_sa - DEBUG - Inserting dividend payout in db
2018-02-16 21:27:41,763 - scrape_sa - DEBUG - Insertion successful
2018-02-16 21:27:41,764 - scrape_sa - DEBUG - Extracted dividend payout: (NYSE:TIF) $0.50 payable on April 10
2018-02-16 21:27:41,764 - scrape_sa - DEBUG - Inserting dividend payout in db
2018-02-16 21:27:41,764 - scrape_sa - DEBUG - Insertion successful
2018-02-16 21:27:41,764 - scrape_sa - DEBUG - Extracted dividend payout: (NASDAQ:PRGO) $0.19 payable on March 20
2018-02-16 21:27:41,764 - scrape_sa - DEBUG - Inserting dividend payout in db
2018-02-16 21:27:41,764 - scrape_sa - DEBUG - Insertion successful
2018-02-16 21:27:41,765 - scrape_sa - DEBUG - Extracted dividend payout: (OTCPK:BOWFF) $0.0834 payable on March 15
2018-02-16 21:27:41,765 - scrape_sa - DEBUG - Inserting dividend payout in db
2018-02-16 21:27:41,765 - scrape_sa - DEBUG - Insertion successful
2018-02-16 21:27:41,765 - scrape_sa - DEBUG - Extracted dividend payout: (NASDAQ:VRTS) $0.45 payable on May 15
2018-02-16 21:27:41,765 - scrape_sa - DEBUG - Inserting dividend payout in db
2018-02-16 21:27:41,765 - scrape_sa - DEBUG - Insertion successful
2018-02-16 21:27:41,766 - scrape_sa - DEBUG - Extracted dividend payout: (NASDAQ:REIS) $0.19 payable on March 14
2018-02-16 21:27:41,766 - scrape_sa - DEBUG - Inserting dividend payout in db
2018-02-16 21:27:41,766 - scrape_sa - DEBUG - Insertion successful
2018-02-16 21:27:41,766 - scrape_sa - DEBUG - Extracted dividend payout: (OTCPK:EXETF) CAD 0.04 payable on March 15
2018-02-16 21:27:41,766 - scrape_sa - DEBUG - Inserting dividend payout in db
2018-02-16 21:27:41,767 - scrape_sa - DEBUG - Insertion successful
2018-02-16 21:27:41,767 - scrape_sa - DEBUG - Extracted dividend payout: (NYSE:ITW) $0.78 payable on April 10
2018-02-16 21:27:41,767 - scrape_sa - DEBUG - Inserting dividend payout in db
2018-02-16 21:27:41,767 - scrape_sa - DEBUG - Insertion successful
2018-02-16 21:27:41,767 - scrape_sa - DEBUG - Extracted dividend payout: (NASDAQ:CGNX) $0.045 payable on March 16
2018-02-16 21:27:41,767 - scrape_sa - DEBUG - Inserting dividend payout in db
2018-02-16 21:27:41,767 - scrape_sa - DEBUG - Insertion successful
2018-02-16 21:27:41,768 - scrape_sa - DEBUG - Extracted dividend payout: (NYSE:DKS) $0.225 payable on March 30
2018-02-16 21:27:41,768 - scrape_sa - DEBUG - Inserting dividend payout in db
2018-02-16 21:27:41,768 - scrape_sa - DEBUG - Insertion successful
2018-02-16 21:27:41,768 - scrape_sa - DEBUG - Extracted dividend payout: (NASDAQ:CRAI) $0.17 payable on March 16
2018-02-16 21:27:41,768 - scrape_sa - DEBUG - Inserting dividend payout in db
2018-02-16 21:27:41,768 - scrape_sa - DEBUG - Insertion successful
2018-02-16 21:27:41,769 - scrape_sa - DEBUG - Extracted dividend payout: (NYSE:TRP) CAD 0.69 payable on April 30
2018-02-16 21:27:41,769 - scrape_sa - DEBUG - Inserting dividend payout in db
2018-02-16 21:27:41,769 - scrape_sa - DEBUG - Insertion successful
2018-02-16 21:27:41,769 - scrape_sa - DEBUG - Extracted dividend payout: (NASDAQ:EBIX) $0.075 payable on March 15
2018-02-16 21:27:41,769 - scrape_sa - DEBUG - Inserting dividend payout in db
2018-02-16 21:27:41,769 - scrape_sa - DEBUG - Insertion successful
2018-02-16 21:27:41,770 - scrape_sa - DEBUG - Extracted dividend payout: (OTCPK:RIOCF) CAD 0.12 payable on March 7
2018-02-16 21:27:41,770 - scrape_sa - DEBUG - Inserting dividend payout in db
2018-02-16 21:27:41,770 - scrape_sa - DEBUG - Insertion successful
2018-02-16 21:27:41,770 - scrape_sa - DEBUG - Extracted dividend payout: (OTCQX:GXOCF) CAD 0.023 payable on March 15
2018-02-16 21:27:41,770 - scrape_sa - DEBUG - Inserting dividend payout in db
2018-02-16 21:27:41,770 - scrape_sa - DEBUG - Insertion successful
2018-02-16 21:27:41,771 - scrape_sa - DEBUG - Extracted dividend payout: (NYSE:GPI) $0.26 payable on March 15
2018-02-16 21:27:41,771 - scrape_sa - DEBUG - Inserting dividend payout in db
2018-02-16 21:27:41,771 - scrape_sa - DEBUG - Insertion successful
2018-02-16 21:27:41,771 - scrape_sa - DEBUG - Extracted dividend payout: (NYSE:BAM) $0.15 payable on March 29
2018-02-16 21:27:41,771 - scrape_sa - DEBUG - Inserting dividend payout in db
2018-02-16 21:27:41,771 - scrape_sa - DEBUG - Insertion successful
2018-02-16 21:27:41,772 - scrape_sa - DEBUG - Extracted dividend payout: (NYSE:TPR) $0.3375 payable on April 2
2018-02-16 21:27:41,772 - scrape_sa - DEBUG - Inserting dividend payout in db
2018-02-16 21:27:41,772 - scrape_sa - DEBUG - Insertion successful
2018-02-16 21:27:41,772 - scrape_sa - DEBUG - Extracted dividend payout: (NYSE:PBF) $0.30 payable on March 14
2018-02-16 21:27:41,772 - scrape_sa - DEBUG - Inserting dividend payout in db
2018-02-16 21:27:41,772 - scrape_sa - DEBUG - Insertion successful
2018-02-16 21:27:41,772 - scrape_sa - DEBUG - Extracted dividend payout: (NYSE:PBFX) $0.4850 payable on March 14
2018-02-16 21:27:41,773 - scrape_sa - DEBUG - Inserting dividend payout in db
2018-02-16 21:27:41,773 - scrape_sa - DEBUG - Insertion successful
2018-02-16 21:27:41,773 - scrape_sa - DEBUG - Extracted dividend payout: (NYSE:ARES) $0.25 payable on Feb. 28
2018-02-16 21:27:41,773 - scrape_sa - DEBUG - Inserting dividend payout in db
2018-02-16 21:27:41,773 - scrape_sa - DEBUG - Insertion successful
2018-02-16 21:27:41,773 - scrape_sa - DEBUG - Extracted dividend payout: (NYSE:CVE) CAD 0.05 payable on March 29
2018-02-16 21:27:41,773 - scrape_sa - DEBUG - Inserting dividend payout in db
2018-02-16 21:27:41,774 - scrape_sa - DEBUG - Insertion successful
2018-02-16 21:27:41,774 - scrape_sa - DEBUG - Extracted dividend payout: (NYSE:WST) $0.14 payable on May 2
2018-02-16 21:27:41,774 - scrape_sa - DEBUG - Inserting dividend payout in db
2018-02-16 21:27:41,774 - scrape_sa - DEBUG - Insertion successful
2018-02-16 21:27:41,774 - scrape_sa - DEBUG - Extracted dividend payout: (NYSE:BANC) $0.13 payable on April 2
2018-02-16 21:27:41,774 - scrape_sa - DEBUG - Inserting dividend payout in db
2018-02-16 21:27:41,774 - scrape_sa - DEBUG - Insertion successful
2018-02-16 21:27:41,775 - scrape_sa - INFO - End scraping dividends
2018-02-16 21:27:41,776 - scrape_sa - INFO - 67 div payouts extracted successfully
2018-02-16 21:27:41,777 - scrape_sa - INFO - 1 div payouts could not be extracted
